# Logfile created on Mon Feb 23 04:34:12 -0500 2009

Processing WelcomeController#index (for 192.168.150.1 at 2009-02-23 04:38:37) [GET]
  Session ID: a6688ad284a3ed603c684f7ddd54b48b
  Parameters: {"action"=>"index", "controller"=>"welcome"}


ActiveRecord::StatementInvalid (Mysql::Error: Table 'redmine.settings' doesn't exist: SHOW FIELDS FROM `settings`):
    /vendor/rails/activerecord/lib/active_record/connection_adapters/abstract_adapter.rb:150:in `log'
    /vendor/rails/activerecord/lib/active_record/connection_adapters/mysql_adapter.rb:281:in `execute'
    /vendor/rails/activerecord/lib/active_record/connection_adapters/mysql_adapter.rb:411:in `columns'
    /vendor/rails/activerecord/lib/active_record/base.rb:1080:in `columns'
    /vendor/rails/activerecord/lib/active_record/calculations.rb:254:in `column_for'
    /vendor/rails/activerecord/lib/active_record/calculations.rb:118:in `calculate'
    /vendor/rails/activerecord/lib/active_record/calculations.rb:67:in `maximum'
    /app/models/setting.rb:108:in `check_cache'
    /app/controllers/application.rb:35:in `user_setup'
    /vendor/rails/actionpack/lib/action_controller/filters.rb:469:in `send!'
    /vendor/rails/actionpack/lib/action_controller/filters.rb:469:in `call'
    /vendor/rails/actionpack/lib/action_controller/filters.rb:441:in `run'
    /vendor/rails/actionpack/lib/action_controller/filters.rb:716:in `run_before_filters'
    /vendor/rails/actionpack/lib/action_controller/filters.rb:695:in `call_filters'
    /vendor/rails/actionpack/lib/action_controller/filters.rb:689:in `perform_action_without_benchmark'
    /vendor/rails/actionpack/lib/action_controller/benchmarking.rb:68:in `perform_action_without_rescue'
    /usr/lib/ruby/1.8/benchmark.rb:293:in `measure'
    /vendor/rails/actionpack/lib/action_controller/benchmarking.rb:68:in `perform_action_without_rescue'
    /vendor/rails/actionpack/lib/action_controller/rescue.rb:199:in `perform_action_without_caching'
    /vendor/rails/actionpack/lib/action_controller/caching.rb:678:in `passenger_orig_perform_action'
    /vendor/rails/activerecord/lib/active_record/connection_adapters/abstract/query_cache.rb:33:in `cache'
    /vendor/rails/activerecord/lib/active_record/query_cache.rb:8:in `cache'
    /vendor/rails/actionpack/lib/action_controller/caching.rb:677:in `passenger_orig_perform_action'
    /usr/lib/ruby/1.8/passenger/railz/request_handler.rb:53:in `perform_action'
    /vendor/rails/actionpack/lib/action_controller/base.rb:524:in `send'
    /vendor/rails/actionpack/lib/action_controller/base.rb:524:in `process_without_filters'
    /vendor/rails/actionpack/lib/action_controller/filters.rb:685:in `process_without_session_management_support'
    /vendor/rails/actionpack/lib/action_controller/session_management.rb:123:in `process'
    /vendor/rails/actionpack/lib/action_controller/base.rb:388:in `process'
    /vendor/rails/actionpack/lib/action_controller/dispatcher.rb:171:in `handle_request'
    /vendor/rails/actionpack/lib/action_controller/dispatcher.rb:115:in `dispatch'
    /vendor/rails/actionpack/lib/action_controller/dispatcher.rb:126:in `dispatch_cgi'
    /vendor/rails/actionpack/lib/action_controller/dispatcher.rb:9:in `dispatch'
    /usr/lib/ruby/1.8/passenger/railz/request_handler.rb:38:in `process_request'
    /usr/lib/ruby/1.8/passenger/abstract_request_handler.rb:163:in `main_loop'
    /usr/lib/ruby/1.8/passenger/railz/application_spawner.rb:307:in `start_request_handler'
    /usr/lib/ruby/1.8/passenger/railz/application_spawner.rb:276:in `handle_spawn_application'
    /usr/lib/ruby/1.8/passenger/utils.rb:165:in `safe_fork'
    /usr/lib/ruby/1.8/passenger/utils.rb:163:in `fork'
    /usr/lib/ruby/1.8/passenger/utils.rb:163:in `safe_fork'
    /usr/lib/ruby/1.8/passenger/railz/application_spawner.rb:274:in `handle_spawn_application'
    /usr/lib/ruby/1.8/passenger/utils.rb:165:in `safe_fork'
    /usr/lib/ruby/1.8/passenger/utils.rb:163:in `fork'
    /usr/lib/ruby/1.8/passenger/utils.rb:163:in `safe_fork'
    /usr/lib/ruby/1.8/passenger/railz/application_spawner.rb:273:in `handle_spawn_application'
    /usr/lib/ruby/1.8/passenger/abstract_server.rb:317:in `__send__'
    /usr/lib/ruby/1.8/passenger/abstract_server.rb:317:in `main_loop'
    /usr/lib/ruby/1.8/passenger/abstract_server.rb:168:in `start_synchronously'
    /usr/lib/ruby/1.8/passenger/abstract_server.rb:135:in `start'
    /usr/lib/ruby/1.8/passenger/abstract_server.rb:112:in `fork'
    /usr/lib/ruby/1.8/passenger/abstract_server.rb:112:in `start'
    /usr/lib/ruby/1.8/passenger/railz/application_spawner.rb:177:in `start'
    /usr/lib/ruby/1.8/passenger/spawn_manager.rb:218:in `spawn_rails_application'
    /usr/lib/ruby/1.8/passenger/spawn_manager.rb:213:in `synchronize'
    /usr/lib/ruby/1.8/passenger/spawn_manager.rb:213:in `spawn_rails_application'
    /usr/lib/ruby/1.8/passenger/spawn_manager.rb:122:in `spawn_application'
    /usr/lib/ruby/1.8/passenger/spawn_manager.rb:247:in `handle_spawn_application'
    /usr/lib/ruby/1.8/passenger/abstract_server.rb:317:in `__send__'
    /usr/lib/ruby/1.8/passenger/abstract_server.rb:317:in `main_loop'
    /usr/lib/ruby/1.8/passenger/abstract_server.rb:168:in `start_synchronously'
    /usr/lib/passenger/passenger-spawn-server:46

Rendering /var/www/anantasec/redmine-0.7.2/public/500.html (500 Internal Server Error)


Processing WelcomeController#index (for 192.168.150.1 at 2009-02-23 04:50:09) [GET]
  Session ID: a6688ad284a3ed603c684f7ddd54b48b
  Parameters: {"action"=>"index", "controller"=>"welcome"}
Rendering template within layouts/base
Rendering welcome/index
Completed in 0.50017 (1 reqs/sec) | Rendering: 0.02182 (4%) | DB: 0.00000 (0%) | 200 OK [http://192.168.150.139/anantasec/redmine-0.7.2/public/]


Processing ProjectsController#index (for 192.168.150.1 at 2009-02-23 04:50:15) [GET]
  Session ID: a6688ad284a3ed603c684f7ddd54b48b
  Parameters: {"action"=>"index", "controller"=>"projects"}
Rendering template within layouts/base
Rendering projects/list
Completed in 0.02831 (35 reqs/sec) | Rendering: 0.01344 (47%) | DB: 0.00000 (0%) | 200 OK [http://192.168.150.139/anantasec/redmine-0.7.2/public//projects]


Processing WelcomeController#index (for 192.168.150.1 at 2009-02-23 04:50:17) [GET]
  Session ID: a6688ad284a3ed603c684f7ddd54b48b
  Parameters: {"action"=>"index", "controller"=>"welcome"}
Rendering template within layouts/base
Rendering welcome/index
Completed in 0.02366 (42 reqs/sec) | Rendering: 0.01270 (53%) | DB: 0.00000 (0%) | 200 OK [http://192.168.150.139/anantasec/redmine-0.7.2/public//]


Processing SearchController#index (for 192.168.150.1 at 2009-02-23 04:50:24) [GET]
  Session ID: a6688ad284a3ed603c684f7ddd54b48b
  Parameters: {"action"=>"index", "q"=>"asd", "controller"=>"search"}
Rendering template within layouts/base
Rendering search/index
Completed in 0.05335 (18 reqs/sec) | Rendering: 0.01070 (20%) | DB: 0.00000 (0%) | 200 OK [http://192.168.150.139/anantasec/redmine-0.7.2/public//search?q=asd]


Processing SearchController#index (for 192.168.150.1 at 2009-02-23 14:52:34) [GET]
  Session ID: a6688ad284a3ed603c684f7ddd54b48b
  Parameters: {"all_words"=>"1", "submit"=>"Submit", "action"=>"index", "projects"=>"1", "q"=>"asd", "controller"=>"search"}
Rendering template within layouts/base
Rendering search/index
Completed in 0.53569 (1 reqs/sec) | Rendering: 0.02127 (3%) | DB: 0.00000 (0%) | 200 OK [http://192.168.150.139/anantasec/redmine-0.7.2/public//search?q=asd&projects=1&all_words=1&submit=Submit]


Processing WelcomeController#index (for 192.168.150.1 at 2009-02-27 18:23:01) [GET]
  Session ID: a6688ad284a3ed603c684f7ddd54b48b
  Parameters: {"action"=>"index", "controller"=>"welcome"}
Rendering template within layouts/base
Rendering welcome/index
Completed in 0.56066 (1 reqs/sec) | Rendering: 0.06035 (10%) | DB: 0.00000 (0%) | 200 OK [http://192.168.150.139/anantasec/redmine-0.7.2/public/]


Processing WelcomeController#index (for 192.168.150.1 at 2009-03-01 10:04:33) [GET]
  Session ID: a6688ad284a3ed603c684f7ddd54b48b
  Parameters: {"action"=>"index", "controller"=>"welcome"}
Rendering template within layouts/base
Rendering welcome/index
Completed in 0.39288 (2 reqs/sec) | Rendering: 0.02271 (5%) | DB: 0.00000 (0%) | 200 OK [http://192.168.150.139/vulnerable-web-applications/redmine-0.7.2/public/]


Processing WelcomeController#index (for 192.168.150.1 at 2009-03-01 10:38:13) [GET]
  Session ID: a6688ad284a3ed603c684f7ddd54b48b
  Parameters: {"action"=>"index", "controller"=>"welcome"}
Rendering template within layouts/base
Rendering welcome/index
Completed in 1.49179 (0 reqs/sec) | Rendering: 0.02266 (1%) | DB: 0.00000 (0%) | 200 OK [http://192.168.150.139/vulnerable-web-applications/redmine-0.7.2/public/]
